#0 building with "default" instance using docker driver

#1 [internal] load .dockerignore
#1 transferring context: 2B done
#1 DONE 0.0s

#2 [internal] load build definition from pregresql.Dockerfile
#2 transferring dockerfile: 1.64kB done
#2 DONE 0.0s

#3 [internal] load metadata for docker.io/library/grpc:latest
#3 DONE 0.0s

#4 [1/9] FROM docker.io/library/grpc
#4 DONE 0.0s

#5 [internal] load build context
#5 transferring context: 624.41kB 0.6s done
#5 DONE 0.6s

#6 [2/9] RUN apt-get update && apt-get install -y git cmake build-essential autoconf libtool pkg-config g++ libre2-dev libssl-dev zlib1g-dev libicu-dev libreadline-dev bison flex gdb
#6 CACHED

#7 [3/9] COPY ./pregresql /pregresql
#7 DONE 1.6s

#8 [4/9] RUN cd /pregresql/src/grpc && rm -rf cmake && mkdir -p cmake/build && cd cmake/build
#8 DONE 0.3s

#9 [5/9] RUN cd /pregresql/src/grpc/cmake/build && cmake ../..
#9 0.451 runc run failed: container process is already dead
#9 CANCELED
ERROR: failed to solve: Canceled: context canceled
